[26-Mar-2018 02:01:36 UTC] PHP Notice:  Undefined index: sort in /home/ubuntu/workspace/projects/project_1/index.php on line 10
[26-Mar-2018 02:14:20 UTC] PHP Notice:  Undefined index: sort in /home/ubuntu/workspace/projects/project_1/index.php on line 10
[26-Mar-2018 15:22:12 UTC] PHP Notice:  Undefined index: sort in /home/ubuntu/workspace/projects/project_1/index.php on line 10
[26-Mar-2018 16:09:29 UTC] PHP Notice:  Undefined index: sort in /home/ubuntu/workspace/projects/project_1/index.php on line 10
[26-Mar-2018 16:34:22 UTC] PHP Notice:  Undefined index: sort in /home/ubuntu/workspace/projects/project_1/index.php on line 10
[26-Mar-2018 17:19:09 UTC] PHP Notice:  Undefined index: sort in /home/ubuntu/workspace/projects/project_1/index.php on line 10
[26-Mar-2018 20:19:50 UTC] PHP Notice:  Undefined index: sort in /home/ubuntu/workspace/projects/project_1/index.php on line 10
[26-Mar-2018 20:19:59 UTC] PHP Notice:  Undefined index: items in /home/ubuntu/workspace/projects/project_1/cart.php on line 5
[26-Mar-2018 20:20:56 UTC] PHP Notice:  Undefined index: sort in /home/ubuntu/workspace/projects/project_1/index.php on line 10
[26-Mar-2018 20:21:02 UTC] PHP Notice:  Undefined index: items in /home/ubuntu/workspace/projects/project_1/cart.php on line 5
[26-Mar-2018 20:22:01 UTC] PHP Notice:  Undefined index: sort in /home/ubuntu/workspace/projects/project_1/index.php on line 10
[26-Mar-2018 20:24:05 UTC] PHP Notice:  Undefined index: sort in /home/ubuntu/workspace/projects/project_1/index.php on line 10
[26-Mar-2018 20:27:09 UTC] PHP Notice:  Undefined index: sort in /home/ubuntu/workspace/projects/project_1/index.php on line 10
[26-Mar-2018 20:28:16 UTC] PHP Notice:  Undefined index: sort in /home/ubuntu/workspace/projects/project_1/index.php on line 10
[26-Mar-2018 20:49:09 UTC] PHP Notice:  A session had already been started - ignoring session_start() in /home/ubuntu/workspace/projects/project_1/functions.php on line 2
[26-Mar-2018 20:49:09 UTC] PHP Notice:  Undefined index: sort in /home/ubuntu/workspace/projects/project_1/index.php on line 11
[26-Mar-2018 20:49:11 UTC] PHP Notice:  A session had already been started - ignoring session_start() in /home/ubuntu/workspace/projects/project_1/functions.php on line 2
[26-Mar-2018 20:51:57 UTC] PHP Notice:  A session had already been started - ignoring session_start() in /home/ubuntu/workspace/projects/project_1/functions.php on line 2
[26-Mar-2018 20:51:57 UTC] PHP Notice:  Undefined index: sort in /home/ubuntu/workspace/projects/project_1/index.php on line 11
[26-Mar-2018 20:51:59 UTC] PHP Notice:  A session had already been started - ignoring session_start() in /home/ubuntu/workspace/projects/project_1/functions.php on line 2
[26-Mar-2018 20:59:37 UTC] PHP Notice:  A session had already been started - ignoring session_start() in /home/ubuntu/workspace/projects/project_1/functions.php on line 2
[26-Mar-2018 20:59:37 UTC] PHP Notice:  Undefined index: sort in /home/ubuntu/workspace/projects/project_1/index.php on line 11
[26-Mar-2018 20:59:39 UTC] PHP Notice:  A session had already been started - ignoring session_start() in /home/ubuntu/workspace/projects/project_1/functions.php on line 2
[26-Mar-2018 21:27:45 UTC] PHP Notice:  A session had already been started - ignoring session_start() in /home/ubuntu/workspace/projects/project_1/functions.php on line 2
[26-Mar-2018 21:27:45 UTC] PHP Notice:  Undefined index: sort in /home/ubuntu/workspace/projects/project_1/index.php on line 11
[26-Mar-2018 21:27:47 UTC] PHP Notice:  A session had already been started - ignoring session_start() in /home/ubuntu/workspace/projects/project_1/functions.php on line 2
[26-Mar-2018 21:27:47 UTC] PHP Notice:  Undefined index: foodname in /home/ubuntu/workspace/projects/project_1/functions.php on line 61
[26-Mar-2018 21:27:47 UTC] PHP Notice:  Undefined index: foodname in /home/ubuntu/workspace/projects/project_1/functions.php on line 61
[26-Mar-2018 21:27:47 UTC] PHP Notice:  Undefined index: foodname in /home/ubuntu/workspace/projects/project_1/functions.php on line 61
[26-Mar-2018 21:27:47 UTC] PHP Notice:  Undefined index: foodname in /home/ubuntu/workspace/projects/project_1/functions.php on line 61
[26-Mar-2018 21:27:47 UTC] PHP Notice:  Undefined index: foodname in /home/ubuntu/workspace/projects/project_1/functions.php on line 61
[26-Mar-2018 21:27:47 UTC] PHP Notice:  Undefined index: foodname in /home/ubuntu/workspace/projects/project_1/functions.php on line 61
[26-Mar-2018 21:27:47 UTC] PHP Notice:  Undefined index: foodname in /home/ubuntu/workspace/projects/project_1/functions.php on line 61
[26-Mar-2018 21:27:47 UTC] PHP Notice:  Undefined index: foodname in /home/ubuntu/workspace/projects/project_1/functions.php on line 61
[26-Mar-2018 21:27:47 UTC] PHP Notice:  Undefined index: foodname in /home/ubuntu/workspace/projects/project_1/functions.php on line 61
[26-Mar-2018 21:27:47 UTC] PHP Notice:  Undefined index: foodname in /home/ubuntu/workspace/projects/project_1/functions.php on line 61
[26-Mar-2018 21:27:47 UTC] PHP Notice:  Undefined index: foodname in /home/ubuntu/workspace/projects/project_1/functions.php on line 61
[26-Mar-2018 21:27:47 UTC] PHP Notice:  Undefined index: foodname in /home/ubuntu/workspace/projects/project_1/functions.php on line 61
[26-Mar-2018 21:27:47 UTC] PHP Notice:  Undefined index: foodname in /home/ubuntu/workspace/projects/project_1/functions.php on line 61
[26-Mar-2018 21:27:47 UTC] PHP Notice:  Undefined index: foodname in /home/ubuntu/workspace/projects/project_1/functions.php on line 61
[26-Mar-2018 21:27:47 UTC] PHP Notice:  Undefined index: foodname in /home/ubuntu/workspace/projects/project_1/functions.php on line 61
[26-Mar-2018 21:27:47 UTC] PHP Notice:  Undefined index: foodname in /home/ubuntu/workspace/projects/project_1/functions.php on line 61
[26-Mar-2018 21:27:47 UTC] PHP Notice:  Undefined index: foodname in /home/ubuntu/workspace/projects/project_1/functions.php on line 61
[26-Mar-2018 21:27:47 UTC] PHP Notice:  Undefined index: foodname in /home/ubuntu/workspace/projects/project_1/functions.php on line 61
[26-Mar-2018 21:27:47 UTC] PHP Notice:  Undefined index: foodname in /home/ubuntu/workspace/projects/project_1/functions.php on line 61
[26-Mar-2018 21:27:47 UTC] PHP Notice:  Undefined index: foodname in /home/ubuntu/workspace/projects/project_1/functions.php on line 61
[26-Mar-2018 21:27:47 UTC] PHP Notice:  Undefined index: foodname in /home/ubuntu/workspace/projects/project_1/functions.php on line 61
[26-Mar-2018 21:27:47 UTC] PHP Notice:  Undefined index: foodname in /home/ubuntu/workspace/projects/project_1/functions.php on line 61
[26-Mar-2018 21:27:47 UTC] PHP Notice:  Undefined index: foodname in /home/ubuntu/workspace/projects/project_1/functions.php on line 61
[26-Mar-2018 21:27:47 UTC] PHP Notice:  Undefined index: foodname in /home/ubuntu/workspace/projects/project_1/functions.php on line 61
[26-Mar-2018 21:27:47 UTC] PHP Notice:  Undefined index: foodname in /home/ubuntu/workspace/projects/project_1/functions.php on line 61
[26-Mar-2018 21:27:47 UTC] PHP Notice:  Undefined index: foodname in /home/ubuntu/workspace/projects/project_1/functions.php on line 61
[26-Mar-2018 21:27:47 UTC] PHP Notice:  Undefined index: foodname in /home/ubuntu/workspace/projects/project_1/functions.php on line 61
[26-Mar-2018 21:27:47 UTC] PHP Notice:  Undefined index: foodname in /home/ubuntu/workspace/projects/project_1/functions.php on line 61
[26-Mar-2018 21:27:47 UTC] PHP Notice:  Undefined index: foodname in /home/ubuntu/workspace/projects/project_1/functions.php on line 61
[26-Mar-2018 21:27:47 UTC] PHP Notice:  Undefined index: foodname in /home/ubuntu/workspace/projects/project_1/functions.php on line 61
[26-Mar-2018 21:27:47 UTC] PHP Notice:  Undefined index: foodname in /home/ubuntu/workspace/projects/project_1/functions.php on line 61
[26-Mar-2018 21:27:47 UTC] PHP Notice:  Undefined index: foodname in /home/ubuntu/workspace/projects/project_1/functions.php on line 61
[26-Mar-2018 21:27:47 UTC] PHP Notice:  Undefined index: foodname in /home/ubuntu/workspace/projects/project_1/functions.php on line 61
[26-Mar-2018 21:27:47 UTC] PHP Notice:  Undefined index: foodname in /home/ubuntu/workspace/projects/project_1/functions.php on line 61
[26-Mar-2018 21:27:47 UTC] PHP Notice:  Undefined index: foodname in /home/ubuntu/workspace/projects/project_1/functions.php on line 61
[26-Mar-2018 21:27:47 UTC] PHP Notice:  Undefined index: foodname in /home/ubuntu/workspace/projects/project_1/functions.php on line 61
[26-Mar-2018 21:27:47 UTC] PHP Notice:  Undefined index: foodname in /home/ubuntu/workspace/projects/project_1/functions.php on line 61
[26-Mar-2018 21:27:47 UTC] PHP Notice:  Undefined index: foodname in /home/ubuntu/workspace/projects/project_1/functions.php on line 61
[26-Mar-2018 21:27:47 UTC] PHP Notice:  Undefined index: foodname in /home/ubuntu/workspace/projects/project_1/functions.php on line 61
[26-Mar-2018 21:27:47 UTC] PHP Notice:  Undefined index: foodname in /home/ubuntu/workspace/projects/project_1/functions.php on line 61
[26-Mar-2018 21:29:00 UTC] PHP Notice:  A session had already been started - ignoring session_start() in /home/ubuntu/workspace/projects/project_1/functions.php on line 2
[26-Mar-2018 21:29:00 UTC] PHP Notice:  Undefined index: sort in /home/ubuntu/workspace/projects/project_1/index.php on line 11
[26-Mar-2018 21:29:02 UTC] PHP Notice:  A session had already been started - ignoring session_start() in /home/ubuntu/workspace/projects/project_1/functions.php on line 2
[26-Mar-2018 21:29:02 UTC] PHP Notice:  Use of undefined constant foodname - assumed 'foodname' in /home/ubuntu/workspace/projects/project_1/functions.php on line 61
[26-Mar-2018 21:29:02 UTC] PHP Notice:  Undefined index: foodname in /home/ubuntu/workspace/projects/project_1/functions.php on line 61
[26-Mar-2018 21:29:02 UTC] PHP Notice:  Use of undefined constant foodname - assumed 'foodname' in /home/ubuntu/workspace/projects/project_1/functions.php on line 61
[26-Mar-2018 21:29:02 UTC] PHP Notice:  Undefined index: foodname in /home/ubuntu/workspace/projects/project_1/functions.php on line 61
[26-Mar-2018 21:29:02 UTC] PHP Notice:  Use of undefined constant foodname - assumed 'foodname' in /home/ubuntu/workspace/projects/project_1/functions.php on line 61
[26-Mar-2018 21:29:02 UTC] PHP Notice:  Undefined index: foodname in /home/ubuntu/workspace/projects/project_1/functions.php on line 61
[26-Mar-2018 21:29:02 UTC] PHP Notice:  Use of undefined constant foodname - assumed 'foodname' in /home/ubuntu/workspace/projects/project_1/functions.php on line 61
[26-Mar-2018 21:29:02 UTC] PHP Notice:  Undefined index: foodname in /home/ubuntu/workspace/projects/project_1/functions.php on line 61
[26-Mar-2018 21:29:02 UTC] PHP Notice:  Use of undefined constant foodname - assumed 'foodname' in /home/ubuntu/workspace/projects/project_1/functions.php on line 61
[26-Mar-2018 21:29:02 UTC] PHP Notice:  Undefined index: foodname in /home/ubuntu/workspace/projects/project_1/functions.php on line 61
[26-Mar-2018 21:29:02 UTC] PHP Notice:  Use of undefined constant foodname - assumed 'foodname' in /home/ubuntu/workspace/projects/project_1/functions.php on line 61
[26-Mar-2018 21:29:02 UTC] PHP Notice:  Undefined index: foodname in /home/ubuntu/workspace/projects/project_1/functions.php on line 61
[26-Mar-2018 21:29:02 UTC] PHP Notice:  Use of undefined constant foodname - assumed 'foodname' in /home/ubuntu/workspace/projects/project_1/functions.php on line 61
[26-Mar-2018 21:29:02 UTC] PHP Notice:  Undefined index: foodname in /home/ubuntu/workspace/projects/project_1/functions.php on line 61
[26-Mar-2018 21:29:02 UTC] PHP Notice:  Use of undefined constant foodname - assumed 'foodname' in /home/ubuntu/workspace/projects/project_1/functions.php on line 61
[26-Mar-2018 21:29:02 UTC] PHP Notice:  Undefined index: foodname in /home/ubuntu/workspace/projects/project_1/functions.php on line 61
[26-Mar-2018 21:29:02 UTC] PHP Notice:  Use of undefined constant foodname - assumed 'foodname' in /home/ubuntu/workspace/projects/project_1/functions.php on line 61
[26-Mar-2018 21:29:02 UTC] PHP Notice:  Undefined index: foodname in /home/ubuntu/workspace/projects/project_1/functions.php on line 61
[26-Mar-2018 21:29:02 UTC] PHP Notice:  Use of undefined constant foodname - assumed 'foodname' in /home/ubuntu/workspace/projects/project_1/functions.php on line 61
[26-Mar-2018 21:29:02 UTC] PHP Notice:  Undefined index: foodname in /home/ubuntu/workspace/projects/project_1/functions.php on line 61
[26-Mar-2018 21:29:02 UTC] PHP Notice:  Use of undefined constant foodname - assumed 'foodname' in /home/ubuntu/workspace/projects/project_1/functions.php on line 61
[26-Mar-2018 21:29:02 UTC] PHP Notice:  Undefined index: foodname in /home/ubuntu/workspace/projects/project_1/functions.php on line 61
[26-Mar-2018 21:29:02 UTC] PHP Notice:  Use of undefined constant foodname - assumed 'foodname' in /home/ubuntu/workspace/projects/project_1/functions.php on line 61
[26-Mar-2018 21:29:02 UTC] PHP Notice:  Undefined index: foodname in /home/ubuntu/workspace/projects/project_1/functions.php on line 61
[26-Mar-2018 21:29:02 UTC] PHP Notice:  Use of undefined constant foodname - assumed 'foodname' in /home/ubuntu/workspace/projects/project_1/functions.php on line 61
[26-Mar-2018 21:29:02 UTC] PHP Notice:  Undefined index: foodname in /home/ubuntu/workspace/projects/project_1/functions.php on line 61
[26-Mar-2018 21:29:02 UTC] PHP Notice:  Use of undefined constant foodname - assumed 'foodname' in /home/ubuntu/workspace/projects/project_1/functions.php on line 61
[26-Mar-2018 21:29:02 UTC] PHP Notice:  Undefined index: foodname in /home/ubuntu/workspace/projects/project_1/functions.php on line 61
[26-Mar-2018 21:29:02 UTC] PHP Notice:  Use of undefined constant foodname - assumed 'foodname' in /home/ubuntu/workspace/projects/project_1/functions.php on line 61
[26-Mar-2018 21:29:02 UTC] PHP Notice:  Undefined index: foodname in /home/ubuntu/workspace/projects/project_1/functions.php on line 61
[26-Mar-2018 21:29:02 UTC] PHP Notice:  Use of undefined constant foodname - assumed 'foodname' in /home/ubuntu/workspace/projects/project_1/functions.php on line 61
[26-Mar-2018 21:29:02 UTC] PHP Notice:  Undefined index: foodname in /home/ubuntu/workspace/projects/project_1/functions.php on line 61
[26-Mar-2018 21:29:02 UTC] PHP Notice:  Use of undefined constant foodname - assumed 'foodname' in /home/ubuntu/workspace/projects/project_1/functions.php on line 61
[26-Mar-2018 21:29:02 UTC] PHP Notice:  Undefined index: foodname in /home/ubuntu/workspace/projects/project_1/functions.php on line 61
[26-Mar-2018 21:29:02 UTC] PHP Notice:  Use of undefined constant foodname - assumed 'foodname' in /home/ubuntu/workspace/projects/project_1/functions.php on line 61
[26-Mar-2018 21:29:02 UTC] PHP Notice:  Undefined index: foodname in /home/ubuntu/workspace/projects/project_1/functions.php on line 61
[26-Mar-2018 21:29:02 UTC] PHP Notice:  Use of undefined constant foodname - assumed 'foodname' in /home/ubuntu/workspace/projects/project_1/functions.php on line 61
[26-Mar-2018 21:29:02 UTC] PHP Notice:  Undefined index: foodname in /home/ubuntu/workspace/projects/project_1/functions.php on line 61
[26-Mar-2018 21:29:02 UTC] PHP Notice:  Use of undefined constant foodname - assumed 'foodname' in /home/ubuntu/workspace/projects/project_1/functions.php on line 61
[26-Mar-2018 21:29:02 UTC] PHP Notice:  Undefined index: foodname in /home/ubuntu/workspace/projects/project_1/functions.php on line 61
[26-Mar-2018 21:29:02 UTC] PHP Notice:  Use of undefined constant foodname - assumed 'foodname' in /home/ubuntu/workspace/projects/project_1/functions.php on line 61
[26-Mar-2018 21:29:02 UTC] PHP Notice:  Undefined index: foodname in /home/ubuntu/workspace/projects/project_1/functions.php on line 61
[26-Mar-2018 21:29:02 UTC] PHP Notice:  Use of undefined constant foodname - assumed 'foodname' in /home/ubuntu/workspace/projects/project_1/functions.php on line 61
[26-Mar-2018 21:29:02 UTC] PHP Notice:  Undefined index: foodname in /home/ubuntu/workspace/projects/project_1/functions.php on line 61
[26-Mar-2018 21:29:02 UTC] PHP Notice:  Use of undefined constant foodname - assumed 'foodname' in /home/ubuntu/workspace/projects/project_1/functions.php on line 61
[26-Mar-2018 21:29:02 UTC] PHP Notice:  Undefined index: foodname in /home/ubuntu/workspace/projects/project_1/functions.php on line 61
[26-Mar-2018 21:29:02 UTC] PHP Notice:  Use of undefined constant foodname - assumed 'foodname' in /home/ubuntu/workspace/projects/project_1/functions.php on line 61
[26-Mar-2018 21:29:02 UTC] PHP Notice:  Undefined index: foodname in /home/ubuntu/workspace/projects/project_1/functions.php on line 61
[26-Mar-2018 21:29:02 UTC] PHP Notice:  Use of undefined constant foodname - assumed 'foodname' in /home/ubuntu/workspace/projects/project_1/functions.php on line 61
[26-Mar-2018 21:29:02 UTC] PHP Notice:  Undefined index: foodname in /home/ubuntu/workspace/projects/project_1/functions.php on line 61
[26-Mar-2018 21:29:02 UTC] PHP Notice:  Use of undefined constant foodname - assumed 'foodname' in /home/ubuntu/workspace/projects/project_1/functions.php on line 61
[26-Mar-2018 21:29:02 UTC] PHP Notice:  Undefined index: foodname in /home/ubuntu/workspace/projects/project_1/functions.php on line 61
[26-Mar-2018 21:29:02 UTC] PHP Notice:  Use of undefined constant foodname - assumed 'foodname' in /home/ubuntu/workspace/projects/project_1/functions.php on line 61
[26-Mar-2018 21:29:02 UTC] PHP Notice:  Undefined index: foodname in /home/ubuntu/workspace/projects/project_1/functions.php on line 61
[26-Mar-2018 21:29:02 UTC] PHP Notice:  Use of undefined constant foodname - assumed 'foodname' in /home/ubuntu/workspace/projects/project_1/functions.php on line 61
[26-Mar-2018 21:29:02 UTC] PHP Notice:  Undefined index: foodname in /home/ubuntu/workspace/projects/project_1/functions.php on line 61
[26-Mar-2018 21:29:02 UTC] PHP Notice:  Use of undefined constant foodname - assumed 'foodname' in /home/ubuntu/workspace/projects/project_1/functions.php on line 61
[26-Mar-2018 21:29:02 UTC] PHP Notice:  Undefined index: foodname in /home/ubuntu/workspace/projects/project_1/functions.php on line 61
[26-Mar-2018 21:29:02 UTC] PHP Notice:  Use of undefined constant foodname - assumed 'foodname' in /home/ubuntu/workspace/projects/project_1/functions.php on line 61
[26-Mar-2018 21:29:02 UTC] PHP Notice:  Undefined index: foodname in /home/ubuntu/workspace/projects/project_1/functions.php on line 61
[26-Mar-2018 21:29:02 UTC] PHP Notice:  Use of undefined constant foodname - assumed 'foodname' in /home/ubuntu/workspace/projects/project_1/functions.php on line 61
[26-Mar-2018 21:29:02 UTC] PHP Notice:  Undefined index: foodname in /home/ubuntu/workspace/projects/project_1/functions.php on line 61
[26-Mar-2018 21:29:02 UTC] PHP Notice:  Use of undefined constant foodname - assumed 'foodname' in /home/ubuntu/workspace/projects/project_1/functions.php on line 61
[26-Mar-2018 21:29:02 UTC] PHP Notice:  Undefined index: foodname in /home/ubuntu/workspace/projects/project_1/functions.php on line 61
[26-Mar-2018 21:29:02 UTC] PHP Notice:  Use of undefined constant foodname - assumed 'foodname' in /home/ubuntu/workspace/projects/project_1/functions.php on line 61
[26-Mar-2018 21:29:02 UTC] PHP Notice:  Undefined index: foodname in /home/ubuntu/workspace/projects/project_1/functions.php on line 61
[26-Mar-2018 21:29:02 UTC] PHP Notice:  Use of undefined constant foodname - assumed 'foodname' in /home/ubuntu/workspace/projects/project_1/functions.php on line 61
[26-Mar-2018 21:29:02 UTC] PHP Notice:  Undefined index: foodname in /home/ubuntu/workspace/projects/project_1/functions.php on line 61
[26-Mar-2018 21:29:02 UTC] PHP Notice:  Use of undefined constant foodname - assumed 'foodname' in /home/ubuntu/workspace/projects/project_1/functions.php on line 61
[26-Mar-2018 21:29:02 UTC] PHP Notice:  Undefined index: foodname in /home/ubuntu/workspace/projects/project_1/functions.php on line 61
[26-Mar-2018 21:29:02 UTC] PHP Notice:  Use of undefined constant foodname - assumed 'foodname' in /home/ubuntu/workspace/projects/project_1/functions.php on line 61
[26-Mar-2018 21:29:02 UTC] PHP Notice:  Undefined index: foodname in /home/ubuntu/workspace/projects/project_1/functions.php on line 61
[26-Mar-2018 21:29:02 UTC] PHP Notice:  Use of undefined constant foodname - assumed 'foodname' in /home/ubuntu/workspace/projects/project_1/functions.php on line 61
[26-Mar-2018 21:29:02 UTC] PHP Notice:  Undefined index: foodname in /home/ubuntu/workspace/projects/project_1/functions.php on line 61
[26-Mar-2018 21:29:02 UTC] PHP Notice:  Use of undefined constant foodname - assumed 'foodname' in /home/ubuntu/workspace/projects/project_1/functions.php on line 61
[26-Mar-2018 21:29:02 UTC] PHP Notice:  Undefined index: foodname in /home/ubuntu/workspace/projects/project_1/functions.php on line 61
[26-Mar-2018 21:29:02 UTC] PHP Notice:  Use of undefined constant foodname - assumed 'foodname' in /home/ubuntu/workspace/projects/project_1/functions.php on line 61
[26-Mar-2018 21:29:02 UTC] PHP Notice:  Undefined index: foodname in /home/ubuntu/workspace/projects/project_1/functions.php on line 61
[26-Mar-2018 21:29:02 UTC] PHP Notice:  Use of undefined constant foodname - assumed 'foodname' in /home/ubuntu/workspace/projects/project_1/functions.php on line 61
[26-Mar-2018 21:29:02 UTC] PHP Notice:  Undefined index: foodname in /home/ubuntu/workspace/projects/project_1/functions.php on line 61
[26-Mar-2018 21:30:30 UTC] PHP Notice:  A session had already been started - ignoring session_start() in /home/ubuntu/workspace/projects/project_1/functions.php on line 2
[26-Mar-2018 21:30:30 UTC] PHP Notice:  Undefined index: sort in /home/ubuntu/workspace/projects/project_1/index.php on line 11
[26-Mar-2018 21:30:32 UTC] PHP Notice:  A session had already been started - ignoring session_start() in /home/ubuntu/workspace/projects/project_1/functions.php on line 2
[26-Mar-2018 21:38:15 UTC] PHP Notice:  A session had already been started - ignoring session_start() in /home/ubuntu/workspace/projects/project_1/functions.php on line 2
[26-Mar-2018 21:38:15 UTC] PHP Notice:  Undefined index: sort in /home/ubuntu/workspace/projects/project_1/index.php on line 11
[26-Mar-2018 21:38:17 UTC] PHP Notice:  A session had already been started - ignoring session_start() in /home/ubuntu/workspace/projects/project_1/functions.php on line 2
[26-Mar-2018 21:48:37 UTC] PHP Notice:  A session had already been started - ignoring session_start() in /home/ubuntu/workspace/projects/project_1/functions.php on line 2
[26-Mar-2018 21:48:37 UTC] PHP Notice:  Undefined index: sort in /home/ubuntu/workspace/projects/project_1/index.php on line 11
[26-Mar-2018 21:48:39 UTC] PHP Notice:  A session had already been started - ignoring session_start() in /home/ubuntu/workspace/projects/project_1/functions.php on line 2
