[19-Feb-2018 20:51:25 UTC] PHP Parse error:  syntax error, unexpected ',' in /home/ubuntu/workspace/labs/lab2/inc/functions.php on line 47
[19-Feb-2018 20:51:25 UTC] PHP Stack trace:
[19-Feb-2018 20:51:25 UTC] PHP   1. {main}() /home/ubuntu/workspace/labs/lab2/index.php:0
[19-Feb-2018 20:52:27 UTC] PHP Parse error:  syntax error, unexpected '$i' (T_VARIABLE) in /home/ubuntu/workspace/labs/lab2/inc/functions.php on line 47
[19-Feb-2018 20:52:27 UTC] PHP Stack trace:
[19-Feb-2018 20:52:27 UTC] PHP   1. {main}() /home/ubuntu/workspace/labs/lab2/index.php:0
[12-Mar-2018 16:29:09 UTC] PHP Fatal error:  Uncaught PDOException: SQLSTATE[HY000] [1045] Access denied for user 'nickschmoll'@'localhost' (using password: NO) in /home/ubuntu/workspace/labs/filter-list/index.php:21
Stack trace:
#0 /home/ubuntu/workspace/labs/filter-list/index.php(21): PDO->__construct('mysql:host=0.0....', 'nickschmoll', '')
#1 {main}
  thrown in /home/ubuntu/workspace/labs/filter-list/index.php on line 21
[12-Mar-2018 16:31:57 UTC] PHP Fatal error:  Uncaught PDOException: SQLSTATE[HY000] [1045] Access denied for user 'nickschmoll'@'localhost' (using password: NO) in /home/ubuntu/workspace/labs/filter-list/index.php:21
Stack trace:
#0 /home/ubuntu/workspace/labs/filter-list/index.php(21): PDO->__construct('mysql:host=0.0....', 'nickschmoll', '')
#1 {main}
  thrown in /home/ubuntu/workspace/labs/filter-list/index.php on line 21
[12-Mar-2018 16:34:29 UTC] PHP Fatal error:  Uncaught PDOException: SQLSTATE[HY000] [1045] Access denied for user 'nickschmoll'@'localhost' (using password: NO) in /home/ubuntu/workspace/labs/lab4/index.php:21
Stack trace:
#0 /home/ubuntu/workspace/labs/lab4/index.php(21): PDO->__construct('mysql:host=0.0....', 'nickschmoll', '')
#1 {main}
  thrown in /home/ubuntu/workspace/labs/lab4/index.php on line 21
[12-Mar-2018 22:02:07 UTC] PHP Fatal error:  Uncaught PDOException: SQLSTATE[HY000] [1045] Access denied for user 'nickschmoll'@'localhost' (using password: NO) in /home/ubuntu/workspace/labs/lab4/index.php:21
Stack trace:
#0 /home/ubuntu/workspace/labs/lab4/index.php(21): PDO->__construct('mysql:host=0.0....', 'nickschmoll', '')
#1 {main}
  thrown in /home/ubuntu/workspace/labs/lab4/index.php on line 21
[12-Mar-2018 22:02:40 UTC] PHP Fatal error:  Uncaught PDOException: SQLSTATE[HY000] [1045] Access denied for user 'nickschmoll'@'localhost' (using password: NO) in /home/ubuntu/workspace/labs/lab4/index.php:21
Stack trace:
#0 /home/ubuntu/workspace/labs/lab4/index.php(21): PDO->__construct('mysql:host=0.0....', 'nickschmoll', '')
#1 {main}
  thrown in /home/ubuntu/workspace/labs/lab4/index.php on line 21
[12-Mar-2018 22:04:36 UTC] PHP Fatal error:  Uncaught PDOException: SQLSTATE[HY000] [1045] Access denied for user 'nickschmoll'@'localhost' (using password: NO) in /home/ubuntu/workspace/labs/lab4/index.php:21
Stack trace:
#0 /home/ubuntu/workspace/labs/lab4/index.php(21): PDO->__construct('mysql:host=0.0....', 'nickschmoll', '')
#1 {main}
  thrown in /home/ubuntu/workspace/labs/lab4/index.php on line 21
[12-Mar-2018 22:05:52 UTC] PHP Fatal error:  Uncaught PDOException: SQLSTATE[HY000] [1045] Access denied for user ''@'localhost' (using password: YES) in /home/ubuntu/workspace/labs/lab4/index.php:21
Stack trace:
#0 /home/ubuntu/workspace/labs/lab4/index.php(21): PDO->__construct('mysql:host=0.0....', '', 'Lalaland1!')
#1 {main}
  thrown in /home/ubuntu/workspace/labs/lab4/index.php on line 21
[12-Mar-2018 22:07:18 UTC] PHP Fatal error:  Uncaught PDOException: SQLSTATE[HY000] [1045] Access denied for user ''@'localhost' (using password: YES) in /home/ubuntu/workspace/labs/lab4/index.php:21
Stack trace:
#0 /home/ubuntu/workspace/labs/lab4/index.php(21): PDO->__construct('mysql:host=0.0....', '', 'Lalaland1!')
#1 {main}
  thrown in /home/ubuntu/workspace/labs/lab4/index.php on line 21
[12-Mar-2018 22:08:32 UTC] PHP Fatal error:  Uncaught PDOException: SQLSTATE[HY000] [1045] Access denied for user ''@'localhost' (using password: YES) in /home/ubuntu/workspace/labs/lab4/index.php:21
Stack trace:
#0 /home/ubuntu/workspace/labs/lab4/index.php(21): PDO->__construct('mysql:host=0.0....', '', 'Lalaland1!')
#1 {main}
  thrown in /home/ubuntu/workspace/labs/lab4/index.php on line 21
[12-Mar-2018 22:19:09 UTC] PHP Notice:  Undefined variable: sql in /home/ubuntu/workspace/labs/lab4/index.php on line 56
[12-Mar-2018 22:19:09 UTC] PHP Notice:  Undefined variable: sql in /home/ubuntu/workspace/labs/lab4/index.php on line 56
[12-Mar-2018 22:19:09 UTC] PHP Fatal error:  Uncaught PDOException: SQLSTATE[42000]: Syntax error or access violation: 1064 You have an error in your SQL syntax; check the manual that corresponds to your MySQL server version for the right syntax to use near ''deviceId',
               device.'deviceName',
               device.'deviceTyp' at line 1 in /home/ubuntu/workspace/labs/lab4/index.php:67
Stack trace:
#0 /home/ubuntu/workspace/labs/lab4/index.php(67): PDOStatement->execute(Array)
#1 {main}
  thrown in /home/ubuntu/workspace/labs/lab4/index.php on line 67
[12-Mar-2018 22:20:56 UTC] PHP Notice:  Undefined variable: sql in /home/ubuntu/workspace/labs/lab4/index.php on line 56
[12-Mar-2018 22:20:56 UTC] PHP Notice:  Undefined variable: sql in /home/ubuntu/workspace/labs/lab4/index.php on line 56
[12-Mar-2018 22:20:56 UTC] PHP Fatal error:  Uncaught PDOException: SQLSTATE[42000]: Syntax error or access violation: 1064 You have an error in your SQL syntax; check the manual that corresponds to your MySQL server version for the right syntax to use near ''deviceId',
               device.'deviceName',
               device.'deviceTyp' at line 1 in /home/ubuntu/workspace/labs/lab4/index.php:67
Stack trace:
#0 /home/ubuntu/workspace/labs/lab4/index.php(67): PDOStatement->execute(Array)
#1 {main}
  thrown in /home/ubuntu/workspace/labs/lab4/index.php on line 67
[12-Mar-2018 22:21:32 UTC] PHP Notice:  Undefined variable: sql in /home/ubuntu/workspace/labs/lab4/index.php on line 56
[12-Mar-2018 22:21:32 UTC] PHP Notice:  Undefined variable: sql in /home/ubuntu/workspace/labs/lab4/index.php on line 56
[12-Mar-2018 22:21:32 UTC] PHP Fatal error:  Uncaught PDOException: SQLSTATE[42000]: Syntax error or access violation: 1064 You have an error in your SQL syntax; check the manual that corresponds to your MySQL server version for the right syntax to use near ''deviceId',
               device.'deviceName',
               device.'deviceTyp' at line 1 in /home/ubuntu/workspace/labs/lab4/index.php:67
Stack trace:
#0 /home/ubuntu/workspace/labs/lab4/index.php(67): PDOStatement->execute(Array)
#1 {main}
  thrown in /home/ubuntu/workspace/labs/lab4/index.php on line 67
[12-Mar-2018 22:22:43 UTC] PHP Notice:  Undefined variable: sql in /home/ubuntu/workspace/labs/lab4/index.php on line 56
[12-Mar-2018 22:22:43 UTC] PHP Notice:  Undefined variable: sql in /home/ubuntu/workspace/labs/lab4/index.php on line 56
[12-Mar-2018 22:22:43 UTC] PHP Fatal error:  Uncaught PDOException: SQLSTATE[42000]: Syntax error or access violation: 1064 You have an error in your SQL syntax; check the manual that corresponds to your MySQL server version for the right syntax to use near ''deviceId',
               device.'deviceName',
               device.'deviceTyp' at line 1 in /home/ubuntu/workspace/labs/lab4/index.php:67
Stack trace:
#0 /home/ubuntu/workspace/labs/lab4/index.php(67): PDOStatement->execute(Array)
#1 {main}
  thrown in /home/ubuntu/workspace/labs/lab4/index.php on line 67
[12-Mar-2018 22:29:06 UTC] PHP Fatal error:  Uncaught PDOException: SQLSTATE[HY000] [1045] Access denied for user ''@'localhost' (using password: NO) in /home/ubuntu/workspace/labs/lab4/index.php:21
Stack trace:
#0 /home/ubuntu/workspace/labs/lab4/index.php(21): PDO->__construct('mysql:host=127....', '', '')
#1 {main}
  thrown in /home/ubuntu/workspace/labs/lab4/index.php on line 21
[12-Mar-2018 22:29:57 UTC] PHP Fatal error:  Uncaught PDOException: SQLSTATE[HY000] [1045] Access denied for user ''@'localhost' (using password: YES) in /home/ubuntu/workspace/labs/lab4/index.php:21
Stack trace:
#0 /home/ubuntu/workspace/labs/lab4/index.php(21): PDO->__construct('mysql:host=127....', '', 'Lalaland1!')
#1 {main}
  thrown in /home/ubuntu/workspace/labs/lab4/index.php on line 21
[12-Mar-2018 22:38:04 UTC] PHP Fatal error:  Uncaught PDOException: SQLSTATE[HY000] [1045] Access denied for user ''@'localhost' (using password: NO) in /home/ubuntu/workspace/labs/lab4/index.php:21
Stack trace:
#0 /home/ubuntu/workspace/labs/lab4/index.php(21): PDO->__construct('mysql:host=127....', '', '')
#1 {main}
  thrown in /home/ubuntu/workspace/labs/lab4/index.php on line 21
[12-Mar-2018 22:58:09 UTC] PHP Fatal error:  Uncaught PDOException: SQLSTATE[HY000] [1045] Access denied for user ''@'localhost' (using password: NO) in /home/ubuntu/workspace/labs/lab4/index.php:21
Stack trace:
#0 /home/ubuntu/workspace/labs/lab4/index.php(21): PDO->__construct('mysql:host=127....', '', '')
#1 {main}
  thrown in /home/ubuntu/workspace/labs/lab4/index.php on line 21
[12-Mar-2018 23:05:48 UTC] PHP Fatal error:  Uncaught PDOException: SQLSTATE[HY000] [1045] Access denied for user ''@'localhost' (using password: NO) in /home/ubuntu/workspace/labs/lab4/testindex.php:21
Stack trace:
#0 /home/ubuntu/workspace/labs/lab4/testindex.php(21): PDO->__construct('mysql:host=127....', '', '')
#1 {main}
  thrown in /home/ubuntu/workspace/labs/lab4/testindex.php on line 21
[12-Mar-2018 23:06:13 UTC] PHP Notice:  Undefined variable: filterText in /home/ubuntu/workspace/labs/lab4/index.php on line 23
[12-Mar-2018 23:06:13 UTC] PHP Notice:  Undefined variable: stmt in /home/ubuntu/workspace/labs/lab4/index.php on line 34
[12-Mar-2018 23:06:13 UTC] PHP Fatal error:  Uncaught Error: Call to a member function rowCount() on null in /home/ubuntu/workspace/labs/lab4/index.php:34
Stack trace:
#0 {main}
  thrown in /home/ubuntu/workspace/labs/lab4/index.php on line 34
[12-Mar-2018 23:07:26 UTC] PHP Notice:  Undefined variable: filterText in /home/ubuntu/workspace/labs/lab4/index.php on line 23
[12-Mar-2018 23:07:26 UTC] PHP Notice:  Undefined variable: stmt in /home/ubuntu/workspace/labs/lab4/index.php on line 34
[12-Mar-2018 23:07:26 UTC] PHP Fatal error:  Uncaught Error: Call to a member function rowCount() on null in /home/ubuntu/workspace/labs/lab4/index.php:34
Stack trace:
#0 {main}
  thrown in /home/ubuntu/workspace/labs/lab4/index.php on line 34
[12-Mar-2018 23:07:36 UTC] PHP Notice:  Undefined variable: filterText in /home/ubuntu/workspace/labs/lab4/index.php on line 23
[12-Mar-2018 23:07:36 UTC] PHP Notice:  Undefined variable: stmt in /home/ubuntu/workspace/labs/lab4/index.php on line 34
[12-Mar-2018 23:07:36 UTC] PHP Fatal error:  Uncaught Error: Call to a member function rowCount() on null in /home/ubuntu/workspace/labs/lab4/index.php:34
Stack trace:
#0 {main}
  thrown in /home/ubuntu/workspace/labs/lab4/index.php on line 34
[12-Mar-2018 23:08:28 UTC] PHP Notice:  Undefined variable: filterText in /home/ubuntu/workspace/labs/lab4/index.php on line 23
[12-Mar-2018 23:08:28 UTC] PHP Notice:  Undefined variable: stmt in /home/ubuntu/workspace/labs/lab4/index.php on line 34
[12-Mar-2018 23:08:28 UTC] PHP Fatal error:  Uncaught Error: Call to a member function rowCount() on null in /home/ubuntu/workspace/labs/lab4/index.php:34
Stack trace:
#0 {main}
  thrown in /home/ubuntu/workspace/labs/lab4/index.php on line 34
[12-Mar-2018 23:08:52 UTC] PHP Notice:  Undefined variable: filterText in /home/ubuntu/workspace/labs/lab4/index.php on line 23
[12-Mar-2018 23:08:52 UTC] PHP Notice:  Undefined variable: stmt in /home/ubuntu/workspace/labs/lab4/index.php on line 34
[12-Mar-2018 23:08:52 UTC] PHP Fatal error:  Uncaught Error: Call to a member function rowCount() on null in /home/ubuntu/workspace/labs/lab4/index.php:34
Stack trace:
#0 {main}
  thrown in /home/ubuntu/workspace/labs/lab4/index.php on line 34
[12-Mar-2018 23:08:56 UTC] PHP Notice:  Undefined variable: filterText in /home/ubuntu/workspace/labs/lab4/index.php on line 23
[12-Mar-2018 23:08:56 UTC] PHP Notice:  Undefined variable: stmt in /home/ubuntu/workspace/labs/lab4/index.php on line 34
[12-Mar-2018 23:08:56 UTC] PHP Fatal error:  Uncaught Error: Call to a member function rowCount() on null in /home/ubuntu/workspace/labs/lab4/index.php:34
Stack trace:
#0 {main}
  thrown in /home/ubuntu/workspace/labs/lab4/index.php on line 34
[12-Mar-2018 23:15:17 UTC] PHP Notice:  Undefined variable: filterText in /home/ubuntu/workspace/labs/lab4/index.php on line 23
[12-Mar-2018 23:15:17 UTC] PHP Notice:  Undefined variable: stmt in /home/ubuntu/workspace/labs/lab4/index.php on line 34
[12-Mar-2018 23:15:17 UTC] PHP Fatal error:  Uncaught Error: Call to a member function rowCount() on null in /home/ubuntu/workspace/labs/lab4/index.php:34
Stack trace:
#0 {main}
  thrown in /home/ubuntu/workspace/labs/lab4/index.php on line 34
[12-Mar-2018 23:24:06 UTC] PHP Warning:  include(../../includes/header.inc.php): failed to open stream: No such file or directory in /home/ubuntu/workspace/labs/lab4/index.php on line 8
[12-Mar-2018 23:24:06 UTC] PHP Warning:  include(): Failed opening '../../includes/header.inc.php' for inclusion (include_path='.:/usr/share/php') in /home/ubuntu/workspace/labs/lab4/index.php on line 8
[12-Mar-2018 23:24:06 UTC] PHP Warning:  include(../../includes/sidebar.inc.php): failed to open stream: No such file or directory in /home/ubuntu/workspace/labs/lab4/index.php on line 12
[12-Mar-2018 23:24:06 UTC] PHP Warning:  include(): Failed opening '../../includes/sidebar.inc.php' for inclusion (include_path='.:/usr/share/php') in /home/ubuntu/workspace/labs/lab4/index.php on line 12
[12-Mar-2018 23:24:06 UTC] PHP Notice:  Undefined variable: filterText in /home/ubuntu/workspace/labs/lab4/index.php on line 30
[12-Mar-2018 23:24:06 UTC] PHP Notice:  Undefined variable: stmt in /home/ubuntu/workspace/labs/lab4/index.php on line 41
[12-Mar-2018 23:24:06 UTC] PHP Fatal error:  Uncaught Error: Call to a member function rowCount() on null in /home/ubuntu/workspace/labs/lab4/index.php:41
Stack trace:
#0 {main}
  thrown in /home/ubuntu/workspace/labs/lab4/index.php on line 41
[12-Mar-2018 23:24:10 UTC] PHP Warning:  include(../../includes/header.inc.php): failed to open stream: No such file or directory in /home/ubuntu/workspace/labs/lab4/index.php on line 8
[12-Mar-2018 23:24:10 UTC] PHP Warning:  include(): Failed opening '../../includes/header.inc.php' for inclusion (include_path='.:/usr/share/php') in /home/ubuntu/workspace/labs/lab4/index.php on line 8
[12-Mar-2018 23:24:10 UTC] PHP Warning:  include(../../includes/sidebar.inc.php): failed to open stream: No such file or directory in /home/ubuntu/workspace/labs/lab4/index.php on line 12
[12-Mar-2018 23:24:10 UTC] PHP Warning:  include(): Failed opening '../../includes/sidebar.inc.php' for inclusion (include_path='.:/usr/share/php') in /home/ubuntu/workspace/labs/lab4/index.php on line 12
[12-Mar-2018 23:24:10 UTC] PHP Notice:  Undefined variable: filterText in /home/ubuntu/workspace/labs/lab4/index.php on line 30
[12-Mar-2018 23:24:10 UTC] PHP Notice:  Undefined variable: stmt in /home/ubuntu/workspace/labs/lab4/index.php on line 41
[12-Mar-2018 23:24:10 UTC] PHP Fatal error:  Uncaught Error: Call to a member function rowCount() on null in /home/ubuntu/workspace/labs/lab4/index.php:41
Stack trace:
#0 {main}
  thrown in /home/ubuntu/workspace/labs/lab4/index.php on line 41
[12-Mar-2018 23:28:27 UTC] PHP Fatal error:  Uncaught PDOException: SQLSTATE[HY000] [1045] Access denied for user ''@'localhost' (using password: NO) in /home/ubuntu/workspace/labs/lab4/index.php:22
Stack trace:
#0 /home/ubuntu/workspace/labs/lab4/index.php(22): PDO->__construct('mysql:host=127....', '', '')
#1 {main}
  thrown in /home/ubuntu/workspace/labs/lab4/index.php on line 22
[12-Mar-2018 23:30:29 UTC] PHP Fatal error:  Uncaught PDOException: SQLSTATE[HY000] [1045] Access denied for user ''@'localhost' (using password: YES) in /home/ubuntu/workspace/labs/lab4/index.php:22
Stack trace:
#0 /home/ubuntu/workspace/labs/lab4/index.php(22): PDO->__construct('mysql:host=127....', '', 'Lalaland1!')
#1 {main}
  thrown in /home/ubuntu/workspace/labs/lab4/index.php on line 22
[12-Mar-2018 23:32:04 UTC] PHP Notice:  Undefined index: REQUEST_METHOD in /home/ubuntu/workspace/labs/lab4/index.php on line 11
[12-Mar-2018 23:32:04 UTC] PHP Fatal error:  Uncaught PDOException: SQLSTATE[HY000] [1045] Access denied for user ''@'localhost' (using password: YES) in /home/ubuntu/workspace/labs/lab4/index.php:22
Stack trace:
#0 /home/ubuntu/workspace/labs/lab4/index.php(22): PDO->__construct('mysql:host=127....', '', 'Lalaland1!')
#1 {main}
  thrown in /home/ubuntu/workspace/labs/lab4/index.php on line 22
[12-Mar-2018 23:32:31 UTC] PHP Fatal error:  Uncaught PDOException: SQLSTATE[HY000] [1045] Access denied for user ''@'localhost' (using password: YES) in /home/ubuntu/workspace/labs/lab4/index.php:22
Stack trace:
#0 /home/ubuntu/workspace/labs/lab4/index.php(22): PDO->__construct('mysql:host=127....', '', 'Lalaland1!')
#1 {main}
  thrown in /home/ubuntu/workspace/labs/lab4/index.php on line 22
